Lv4/app/build/intermediates/manifest_merge_blame_file/debug/manifest-merger-blame-debug-report.txt
1<?xml version="1.0" encoding="utf-8"?>
2<manifest xmlns:android="http://schemas.android.com/apk/res/android"
3    package="com.example.lv4"
4    android:versionCode="1"
5    android:versionName="1.0" >
6
7    <uses-sdk
8        android:minSdkVersion="26"
8-->src\main\AndroidManifest.xml
9        android:targetSdkVersion="32" />
9-->src\main\AndroidManifest.xml
10
11    <uses-feature android:name="android.hardware.camera.any" />
11-->src\main\AndroidManifest.xml:5:5-64
11-->src\main\AndroidManifest.xml:5:19-61
12
13    <uses-permission android:name="android.permission.CAMERA" />
13-->src\main\AndroidManifest.xml:6:5-65
13-->src\main\AndroidManifest.xml:6:22-62
14    <uses-permission android:name="android.permission.WRITE_EXTERNAL_STORAGE" />
14-->src\main\AndroidManifest.xml:7:5-81
14-->src\main\AndroidManifest.xml:7:22-78
15    <uses-permission android:name="android.permission.READ_EXTERNAL_STORAGE" />
15-->src\main\AndroidManifest.xml:8:5-79
15-->src\main\AndroidManifest.xml:8:22-77
16
17    <application
17-->src\main\AndroidManifest.xml:10:5-47:19
18        android:allowBackup="true"
18-->src\main\AndroidManifest.xml:11:9-35
19        android:appComponentFactory="androidx.core.app.CoreComponentFactory"
19-->[androidx.core:core:1.8.0] AndroidManifest.xml:24:18-86
20        android:dataExtractionRules="@xml/data_extraction_rules"
20-->src\main\AndroidManifest.xml:12:9-65
21        android:debuggable="true"
22        android:extractNativeLibs="false"
23        android:fullBackupContent="@xml/backup_rules"
23-->src\main\AndroidManifest.xml:13:9-54
24        android:icon="@mipmap/ic_launcher"
24-->src\main\AndroidManifest.xml:14:9-43
25        android:label="@string/app_name"
25-->src\main\AndroidManifest.xml:15:9-41
26        android:roundIcon="@mipmap/ic_launcher_round"
26-->src\main\AndroidManifest.xml:16:9-54
27        android:supportsRtl="true"
27-->src\main\AndroidManifest.xml:17:9-35
28        android:testOnly="true"
29        android:theme="@style/Theme.LV4" >
29-->src\main\AndroidManifest.xml:18:9-41
30        <activity
30-->src\main\AndroidManifest.xml:20:9-26:20
31            android:name="com.example.lv4.CameraX.CameraActivity"
31-->src\main\AndroidManifest.xml:21:13-51
32            android:exported="false" >
32-->src\main\AndroidManifest.xml:22:13-37
33            <meta-data
33-->src\main\AndroidManifest.xml:23:13-25:36
34                android:name="android.app.lib_name"
34-->src\main\AndroidManifest.xml:24:17-52
35                android:value="" />
35-->src\main\AndroidManifest.xml:25:17-33
36        </activity>
37        <activity
37-->src\main\AndroidManifest.xml:27:9-33:20
38            android:name="com.example.lv4.CreateNewRecordActivity"
38-->src\main\AndroidManifest.xml:28:13-52
39            android:exported="false" >
39-->src\main\AndroidManifest.xml:29:13-37
40            <meta-data
40-->src\main\AndroidManifest.xml:23:13-25:36
41                android:name="android.app.lib_name"
41-->src\main\AndroidManifest.xml:24:17-52
42                android:value="" />
42-->src\main\AndroidManifest.xml:25:17-33
43        </activity>
44        <activity
44-->src\main\AndroidManifest.xml:34:9-46:20
45            android:name="com.example.lv4.MainActivity"
45-->src\main\AndroidManifest.xml:35:13-41
46            android:exported="true" >
46-->src\main\AndroidManifest.xml:36:13-36
47            <intent-filter>
47-->src\main\AndroidManifest.xml:37:13-41:29
48                <action android:name="android.intent.action.MAIN" />
48-->src\main\AndroidManifest.xml:38:17-69
48-->src\main\AndroidManifest.xml:38:25-66
49
50                <category android:name="android.intent.category.LAUNCHER" />
50-->src\main\AndroidManifest.xml:40:17-77
50-->src\main\AndroidManifest.xml:40:27-74
51            </intent-filter>
52
53            <meta-data
53-->src\main\AndroidManifest.xml:23:13-25:36
54                android:name="android.app.lib_name"
54-->src\main\AndroidManifest.xml:24:17-52
55                android:value="" />
55-->src\main\AndroidManifest.xml:25:17-33
56        </activity>
57
58        <provider
58-->[androidx.emoji2:emoji2:1.2.0] AndroidManifest.xml:24:9-32:20
59            android:name="androidx.startup.InitializationProvider"
59-->[androidx.emoji2:emoji2:1.2.0] AndroidManifest.xml:25:13-67
60            android:authorities="com.example.lv4.androidx-startup"
60-->[androidx.emoji2:emoji2:1.2.0] AndroidManifest.xml:26:13-68
61            android:exported="false" >
61-->[androidx.emoji2:emoji2:1.2.0] AndroidManifest.xml:27:13-37
62            <meta-data
62-->[androidx.emoji2:emoji2:1.2.0] AndroidManifest.xml:29:13-31:52
63                android:name="androidx.emoji2.text.EmojiCompatInitializer"
63-->[androidx.emoji2:emoji2:1.2.0] AndroidManifest.xml:30:17-75
64                android:value="androidx.startup" />
64-->[androidx.emoji2:emoji2:1.2.0] AndroidManifest.xml:31:17-49
65            <meta-data
65-->[androidx.lifecycle:lifecycle-process:2.4.1] AndroidManifest.xml:31:13-33:52
66                android:name="androidx.lifecycle.ProcessLifecycleInitializer"
66-->[androidx.lifecycle:lifecycle-process:2.4.1] AndroidManifest.xml:32:17-78
67                android:value="androidx.startup" />
67-->[androidx.lifecycle:lifecycle-process:2.4.1] AndroidManifest.xml:33:17-49
68        </provider>
69    </application>
70
71</manifest>